Traceback (most recent call last):
  File "/opt/homebrew/Caskroom/mambaforge/base/lib/python3.9/site-packages/jupyter_cache/executors/utils.py", line 51, in single_nb_execution
    executenb(
  File "/opt/homebrew/Caskroom/mambaforge/base/lib/python3.9/site-packages/nbclient/client.py", line 1204, in execute
    return NotebookClient(nb=nb, resources=resources, km=km, **kwargs).execute()
  File "/opt/homebrew/Caskroom/mambaforge/base/lib/python3.9/site-packages/nbclient/util.py", line 84, in wrapped
    return just_run(coro(*args, **kwargs))
  File "/opt/homebrew/Caskroom/mambaforge/base/lib/python3.9/site-packages/nbclient/util.py", line 62, in just_run
    return loop.run_until_complete(coro)
  File "/opt/homebrew/Caskroom/mambaforge/base/lib/python3.9/asyncio/base_events.py", line 642, in run_until_complete
    return future.result()
  File "/opt/homebrew/Caskroom/mambaforge/base/lib/python3.9/site-packages/nbclient/client.py", line 663, in async_execute
    await self.async_execute_cell(
  File "/opt/homebrew/Caskroom/mambaforge/base/lib/python3.9/site-packages/nbclient/client.py", line 965, in async_execute_cell
    await self._check_raise_for_error(cell, cell_index, exec_reply)
  File "/opt/homebrew/Caskroom/mambaforge/base/lib/python3.9/site-packages/nbclient/client.py", line 862, in _check_raise_for_error
    raise CellExecutionError.from_cell_and_msg(cell, exec_reply_content)
nbclient.exceptions.CellExecutionError: An error occurred while executing the following cell:
------------------
X = pd.read_feather('../../data-handson/mnist_784_X.feather')
y = pd.read_feather('../../data-handson/mnist_784_y.feather')
X = X.to_numpy()
y = y.to_numpy()
------------------

[0;31m---------------------------------------------------------------------------[0m
[0;31mModuleNotFoundError[0m                       Traceback (most recent call last)
File [0;32m/opt/homebrew/Caskroom/mambaforge/base/lib/python3.9/site-packages/pandas/compat/_optional.py:126[0m, in [0;36mimport_optional_dependency[0;34m(name, extra, errors, min_version)[0m
[1;32m    125[0m [38;5;28;01mtry[39;00m:
[0;32m--> 126[0m     module [38;5;241m=[39m [43mimportlib[49m[38;5;241;43m.[39;49m[43mimport_module[49m[43m([49m[43mname[49m[43m)[49m
[1;32m    127[0m [38;5;28;01mexcept[39;00m [38;5;167;01mImportError[39;00m:

File [0;32m/opt/homebrew/Caskroom/mambaforge/base/lib/python3.9/importlib/__init__.py:127[0m, in [0;36mimport_module[0;34m(name, package)[0m
[1;32m    126[0m         level [38;5;241m+[39m[38;5;241m=[39m [38;5;241m1[39m
[0;32m--> 127[0m [38;5;28;01mreturn[39;00m [43m_bootstrap[49m[38;5;241;43m.[39;49m[43m_gcd_import[49m[43m([49m[43mname[49m[43m[[49m[43mlevel[49m[43m:[49m[43m][49m[43m,[49m[43m [49m[43mpackage[49m[43m,[49m[43m [49m[43mlevel[49m[43m)[49m

File [0;32m<frozen importlib._bootstrap>:1030[0m, in [0;36m_gcd_import[0;34m(name, package, level)[0m

File [0;32m<frozen importlib._bootstrap>:1007[0m, in [0;36m_find_and_load[0;34m(name, import_)[0m

File [0;32m<frozen importlib._bootstrap>:984[0m, in [0;36m_find_and_load_unlocked[0;34m(name, import_)[0m

[0;31mModuleNotFoundError[0m: No module named 'pyarrow'

During handling of the above exception, another exception occurred:

[0;31mImportError[0m                               Traceback (most recent call last)
Input [0;32mIn [3][0m, in [0;36m<cell line: 1>[0;34m()[0m
[0;32m----> 1[0m X [38;5;241m=[39m [43mpd[49m[38;5;241;43m.[39;49m[43mread_feather[49m[43m([49m[38;5;124;43m'[39;49m[38;5;124;43m../../data-handson/mnist_784_X.feather[39;49m[38;5;124;43m'[39;49m[43m)[49m
[1;32m      2[0m y [38;5;241m=[39m pd[38;5;241m.[39mread_feather([38;5;124m'[39m[38;5;124m../../data-handson/mnist_784_y.feather[39m[38;5;124m'[39m)
[1;32m      3[0m X [38;5;241m=[39m X[38;5;241m.[39mto_numpy()

File [0;32m/opt/homebrew/Caskroom/mambaforge/base/lib/python3.9/site-packages/pandas/io/feather_format.py:125[0m, in [0;36mread_feather[0;34m(path, columns, use_threads, storage_options)[0m
[1;32m     96[0m [38;5;129m@doc[39m(storage_options[38;5;241m=[39m_shared_docs[[38;5;124m"[39m[38;5;124mstorage_options[39m[38;5;124m"[39m])
[1;32m     97[0m [38;5;28;01mdef[39;00m [38;5;21mread_feather[39m(
[1;32m     98[0m     path: FilePath [38;5;241m|[39m ReadBuffer[[38;5;28mbytes[39m],
[0;32m   (...)[0m
[1;32m    101[0m     storage_options: StorageOptions [38;5;241m=[39m [38;5;28;01mNone[39;00m,
[1;32m    102[0m ):
[1;32m    103[0m     [38;5;124;03m"""[39;00m
[1;32m    104[0m [38;5;124;03m    Load a feather-format object from the file path.[39;00m
[1;32m    105[0m 
[0;32m   (...)[0m
[1;32m    123[0m [38;5;124;03m    type of object stored in file[39;00m
[1;32m    124[0m [38;5;124;03m    """[39;00m
[0;32m--> 125[0m     [43mimport_optional_dependency[49m[43m([49m[38;5;124;43m"[39;49m[38;5;124;43mpyarrow[39;49m[38;5;124;43m"[39;49m[43m)[49m
[1;32m    126[0m     [38;5;28;01mfrom[39;00m [38;5;21;01mpyarrow[39;00m [38;5;28;01mimport[39;00m feather
[1;32m    128[0m     [38;5;28;01mwith[39;00m get_handle(
[1;32m    129[0m         path, [38;5;124m"[39m[38;5;124mrb[39m[38;5;124m"[39m, storage_options[38;5;241m=[39mstorage_options, is_text[38;5;241m=[39m[38;5;28;01mFalse[39;00m
[1;32m    130[0m     ) [38;5;28;01mas[39;00m handles:

File [0;32m/opt/homebrew/Caskroom/mambaforge/base/lib/python3.9/site-packages/pandas/compat/_optional.py:129[0m, in [0;36mimport_optional_dependency[0;34m(name, extra, errors, min_version)[0m
[1;32m    127[0m [38;5;28;01mexcept[39;00m [38;5;167;01mImportError[39;00m:
[1;32m    128[0m     [38;5;28;01mif[39;00m errors [38;5;241m==[39m [38;5;124m"[39m[38;5;124mraise[39m[38;5;124m"[39m:
[0;32m--> 129[0m         [38;5;28;01mraise[39;00m [38;5;167;01mImportError[39;00m(msg)
[1;32m    130[0m     [38;5;28;01melse[39;00m:
[1;32m    131[0m         [38;5;28;01mreturn[39;00m [38;5;28;01mNone[39;00m

[0;31mImportError[0m: Missing optional dependency 'pyarrow'.  Use pip or conda to install pyarrow.
ImportError: Missing optional dependency 'pyarrow'.  Use pip or conda to install pyarrow.

